======== SHADOW DIAGNOSTIC REPORT ========
Timestamp: 11/28/2025 01:01:35
Project: C:\Users\MrJws\3000studios-next


--- SYSTEM STATUS ---
CPU Load: 0%
RAM Used: 36.82%

--- API KEYS CHECK ---
OpenAI: MISSING
PayPal: MISSING

--- NETWORK CHECK ---
Internet: OK
Site SSL: OK

--- PACKAGE SCAN ---
{
  "version": "1.0.0",
  "name": "3000studios-next",
  "problems": [
    "extraneous: @emnapi/runtime@1.7.1 C:\\Users\\MrJws\\3000studios-next\\node_modules\\@emnapi\\runtime"
  ],
  "dependencies": {
    "@emnapi/runtime": {
      "version": "1.7.1",
      "resolved": "https://registry.npmjs.org/@emnapi/runtime/-/runtime-1.7.1.tgz",
      "overridden": false,
      "extraneous": true,
      "problems": [
        "extraneous: @emnapi/runtime@1.7.1 C:\\Users\\MrJws\\3000studios-next\\node_modules\\@emnapi\\runtime"
      ]
    },
    "@ffmpeg/ffmpeg": {
      "version": "0.12.15",
      "resolved": "https://registry.npmjs.org/@ffmpeg/ffmpeg/-/ffmpeg-0.12.15.tgz",
      "overridden": false
    },
    "@floating-ui/react": {
      "version": "0.27.16",
      "resolved": "https://registry.npmjs.org/@floating-ui/react/-/react-0.27.16.tgz",
      "overridden": false
    },
    "@mediapipe/tasks-vision": {
      "version": "0.10.22-rc.20250304",
      "resolved": "https://registry.npmjs.org/@mediapipe/tasks-vision/-/tasks-vision-0.10.22-rc.20250304.tgz",
      "overridden": false
    },
    "@react-spring/web": {
      "version": "10.0.3",
      "resolved": "https://registry.npmjs.org/@react-spring/web/-/web-10.0.3.tgz",
      "overridden": false
    },
    "@react-three/drei": {
      "version": "9.122.0",
      "resolved": "https://registry.npmjs.org/@react-three/drei/-/drei-9.122.0.tgz",
      "overridden": false
    },
    "@react-three/fiber": {
      "version": "8.18.0",
      "resolved": "https://registry.npmjs.org/@react-three/fiber/-/fiber-8.18.0.tgz",
      "overridden": false
    },
    "@stripe/stripe-js": {
      "version": "8.5.3",
      "resolved": "https://registry.npmjs.org/@stripe/stripe-js/-/stripe-js-8.5.3.tgz",
      "overridden": false
    },
    "@tensorflow-models/blazeface": {
      "version": "0.1.0",
      "resolved": "https://registry.npmjs.org/@tensorflow-models/blazeface/-/blazeface-0.1.0.tgz",
      "overridden": false
    },
    "@tensorflow/tfjs": {
      "version": "4.22.0",
      "resolved": "https://registry.npmjs.org/@tensorflow/tfjs/-/tfjs-4.22.0.tgz",
      "overridden": false
    },
    "@types/node": {
      "version": "20.19.25",
      "resolved": "https://registry.npmjs.org/@types/node/-/node-20.19.25.tgz",
      "overridden": false
    },
    "@types/react-dom": {
      "version": "18.3.7",
      "resolved": "https://registry.npmjs.org/@types/react-dom/-/react-dom-18.3.7.tgz",
      "overridden": false
    },
    "@types/react": {
      "version": "18.3.27",
      "resolved": "https://registry.npmjs.org/@types/react/-/react-18.3.27.tgz",
      "overridden": false
    },
    "@vercel/analytics": {
      "version": "1.5.0",
      "resolved": "https://registry.npmjs.org/@vercel/analytics/-/analytics-1.5.0.tgz",
      "overridden": false
    },
    "@vercel/kv": {
      "version": "3.0.0",
      "resolved": "https://registry.npmjs.org/@vercel/kv/-/kv-3.0.0.tgz",
      "overridden": false
    },
    "autoprefixer": {
      "version": "10.4.22",
      "resolved": "https://registry.npmjs.org/autoprefixer/-/autoprefixer-10.4.22.tgz",
      "overridden": false
    },
    "axios": {
      "version": "1.13.2",
      "resolved": "https://registry.npmjs.org/axios/-/axios-1.13.2.tgz",
      "overridden": false
    },
    "clsx": {
      "version": "2.1.1",
      "resolved": "https://registry.npmjs.org/clsx/-/clsx-2.1.1.tgz",
      "overridden": false
    },
    "critters": {
      "version": "0.0.23",
      "resolved": "https://registry.npmjs.org/critters/-/critters-0.0.23.tgz",
      "overridden": false
    },
    "eslint-config-next": {
      "version": "15.5.6",
      "resolved": "https://registry.npmjs.org/eslint-config-next/-/eslint-config-next-15.5.6.tgz",
      "overridden": false
    },
    "eslint": {
      "version": "8.57.1",
      "resolved": "https://registry.npmjs.org/eslint/-/eslint-8.57.1.tgz",
      "overridden": false
    },
    "ffmpeg-static": {
      "version": "5.3.0",
      "resolved": "https://registry.npmjs.org/ffmpeg-static/-/ffmpeg-static-5.3.0.tgz",
      "overridden": false
    },
    "framer-motion": {
      "version": "11.18.2",
      "resolved": "https://registry.npmjs.org/framer-motion/-/framer-motion-11.18.2.tgz",
      "overridden": false
    },
    "howler": {
      "version": "2.2.4",
      "resolved": "https://registry.npmjs.org/howler/-/howler-2.2.4.tgz",
      "overridden": false
    },
    "next-video": {
      "version": "2.5.1",
      "resolved": "https://registry.npmjs.org/next-video/-/next-video-2.5.1.tgz",
      "overridden": false
    },
    "next": {
      "version": "15.5.6",
      "resolved": "https://registry.npmjs.org/next/-/next-15.5.6.tgz",
      "overridden": false
    },
    "openai": {
      "version": "6.9.1",
      "resolved": "https://registry.npmjs.org/openai/-/openai-6.9.1.tgz",
      "overridden": false
    },
    "postcss": {
      "version": "8.5.6",
      "resolved": "https://registry.npmjs.org/postcss/-/postcss-8.5.6.tgz",
      "overridden": false
    },
    "react-dom": {
      "version": "18.3.1",
      "resolved": "https://registry.npmjs.org/react-dom/-/react-dom-18.3.1.tgz",
      "overridden": false
    },
    "react": {
      "version": "18.3.1",
      "resolved": "https://registry.npmjs.org/react/-/react-18.3.1.tgz",
      "overridden": false
    },
    "stripe": {
      "version": "20.0.0",
      "resolved": "https://registry.npmjs.org/stripe/-/stripe-20.0.0.tgz",
      "overridden": false
    },
    "tailwind-merge": {
      "version": "3.4.0",
      "resolved": "https://registry.npmjs.org/tailwind-merge/-/tailwind-merge-3.4.0.tgz",
      "overridden": false
    },
    "tailwindcss-animate": {
      "version": "1.0.7",
      "resolved": "https://registry.npmjs.org/tailwindcss-animate/-/tailwindcss-animate-1.0.7.tgz",
      "overridden": false
    },
    "tailwindcss": {
      "version": "3.4.18",
      "resolved": "https://registry.npmjs.org/tailwindcss/-/tailwindcss-3.4.18.tgz",
      "overridden": false
    },
    "three-stdlib": {
      "version": "2.36.1",
      "resolved": "https://registry.npmjs.org/three-stdlib/-/three-stdlib-2.36.1.tgz",
      "overridden": false
    },
    "three": {
      "version": "0.181.2",
      "resolved": "https://registry.npmjs.org/three/-/three-0.181.2.tgz",
      "overridden": false
    },
    "typescript": {
      "version": "5.9.3",
      "resolved": "https://registry.npmjs.org/typescript/-/typescript-5.9.3.tgz",
      "overridden": false
    },
    "zustand": {
      "version": "5.0.8",
      "resolved": "https://registry.npmjs.org/zustand/-/zustand-5.0.8.tgz",
      "overridden": false
    }
  }
}

--- ESLINT ERRORS ---
System.Management.Automation.RemoteException
Oops! Something went wrong! :(
System.Management.Automation.RemoteException
ESLint: 8.57.1
System.Management.Automation.RemoteException
Failed to read JSON file at C:\Users\MrJws\3000studios-next\shadow\core\package.json:
System.Management.Automation.RemoteException
Cannot read config file: C:\Users\MrJws\3000studios-next\shadow\core\package.json
Error: Unexpected token '#', "# Copyrigh"... is not valid JSON
System.Management.Automation.RemoteException

--- TYPESCRIPT ERRORS ---
components/cinematic/SceneEngine.ts(38,6): error TS1110: Type expected.
components/cinematic/SceneEngine.ts(39,24): error TS1005: '>' expected.
components/cinematic/SceneEngine.ts(39,29): error TS1005: ')' expected.
components/cinematic/SceneEngine.ts(39,38): error TS1005: ';' expected.
components/cinematic/SceneEngine.ts(39,51): error TS1109: Expression expected.
components/cinematic/SceneEngine.ts(40,21): error TS1005: '>' expected.
components/cinematic/SceneEngine.ts(40,28): error TS1005: ';' expected.
components/cinematic/SceneEngine.ts(40,54): error TS1109: Expression expected.
components/cinematic/SceneEngine.ts(41,25): error TS1005: '>' expected.
components/cinematic/SceneEngine.ts(41,29): error TS1005: ';' expected.
components/cinematic/SceneEngine.ts(41,37): error TS1161: Unterminated regular expression literal.
components/cinematic/SceneEngine.ts(42,6): error TS1161: Unterminated regular expression literal.
components/cinematic/SceneEngine.ts(43,3): error TS1128: Declaration or statement expected.
shadow-engine/helpers/validation.ts(40,60): error TS1005: '}' expected.

--- NEXT BUILD ERRORS ---
(node:23244) [MODULE_TYPELESS_PACKAGE_JSON] Warning: Module type of file:///C:/Users/MrJws/3000studios-next/next.config.js is not specified and it doesn't parse as CommonJS.
Reparsing as ES module because module syntax was detected. This incurs a performance overhead.
To eliminate this warning, add "type": "module" to C:\Users\MrJws\3000studios-next\package.json.
(Use `node --trace-warnings ...` to show where the warning was created)
   Gû¦ Next.js 15.5.6
   - Experiments (use with caution):
     -+ serverActions

   Creating an optimized production build ...
 G£ô Compiled successfully in 9.6s
   Linting and checking validity of types ...
System.Management.Automation.RemoteException
Failed to compile.
System.Management.Automation.RemoteException
./app/api/analytics/system/route.ts
39:19  Error: Unexpected any. Specify a different type.  @typescript-eslint/no-explicit-any
System.Management.Automation.RemoteException
./app/api/analytics/visitors/route.ts
32:19  Error: Unexpected any. Specify a different type.  @typescript-eslint/no-explicit-any
76:19  Error: Unexpected any. Specify a different type.  @typescript-eslint/no-explicit-any
System.Management.Automation.RemoteException
./app/api/file/edit/route.ts
23:15  Error: Unexpected any. Specify a different type.  @typescript-eslint/no-explicit-any
System.Management.Automation.RemoteException
./app/api/shadow/command/route.ts
44:17  Error: Unexpected any. Specify a different type.  @typescript-eslint/no-explicit-any
System.Management.Automation.RemoteException
./app/api/shadow/execute/route.ts
24:17  Error: Unexpected any. Specify a different type.  @typescript-eslint/no-explicit-any
System.Management.Automation.RemoteException
./app/api/shadow/llm/route.ts
28:12  Warning: 'err' is defined but never used.  @typescript-eslint/no-unused-vars
System.Management.Automation.RemoteException
./app/api/shadow/run/route.ts
15:15  Error: Unexpected any. Specify a different type.  @typescript-eslint/no-explicit-any
System.Management.Automation.RemoteException
./app/api/shadow/site-action/route.ts
60:15  Error: Unexpected any. Specify a different type.  @typescript-eslint/no-explicit-any
System.Management.Automation.RemoteException
./app/api/shadow/stt/route.ts
28:26  Error: Unexpected any. Specify a different type.  @typescript-eslint/no-explicit-any
System.Management.Automation.RemoteException
./app/api/shadow/system/route.ts
20:17  Error: Unexpected any. Specify a different type.  @typescript-eslint/no-explicit-any
System.Management.Automation.RemoteException
./app/api/shadow/update-file/route.ts
21:15  Error: Unexpected any. Specify a different type.  @typescript-eslint/no-explicit-any
System.Management.Automation.RemoteException
./app/api/shadow/update-title/route.ts
24:12  Warning: 'error' is defined but never used.  @typescript-eslint/no-unused-vars
System.Management.Automation.RemoteException
./app/api/shadow/voice/route.ts
10:7  Warning: 'OPENAI_API_KEY' is assigned a value but never used.  @typescript-eslint/no-unused-vars
System.Management.Automation.RemoteException
./app/api/wp/update/route.ts
20:15  Error: Unexpected any. Specify a different type.  @typescript-eslint/no-explicit-any
System.Management.Automation.RemoteException
./app/command-center/page.tsx
26:10  Warning: 'systemStatus' is assigned a value but never used.  @typescript-eslint/no-unused-vars
58:19  Error: Unexpected any. Specify a different type.  @typescript-eslint/no-explicit-any
System.Management.Automation.RemoteException
./app/not-found.tsx
14:23  Error: `'` can be escaped with `&apos;`, `&lsquo;`, `&#39;`, `&rsquo;`.  react/no-unescaped-entities
14:44  Error: `'` can be escaped with `&apos;`, `&lsquo;`, `&#39;`, `&rsquo;`.  react/no-unescaped-entities
System.Management.Automation.RemoteException
./app/projects/page.tsx
66:19  Warning: Using `<img>` could result in slower LCP and higher bandwidth. Consider using `<Image />` from `next/image` or a custom image loader to automatically optimize images. This may incur additional usage or cost from your provider. See: https://nextjs.org/docs/messages/no-img-element  @next/next/no-img-element
System.Management.Automation.RemoteException
./app/shadow/avatar/AvatarClient.tsx
13:8  Warning: 'useVoiceAvatar' is defined but never used.  @typescript-eslint/no-unused-vars
39:20  Error: Unexpected any. Specify a different type.  @typescript-eslint/no-explicit-any
52:57  Error: Unexpected any. Specify a different type.  @typescript-eslint/no-explicit-any
System.Management.Automation.RemoteException
./app/shadow/avatar/shadowAvatar.tsx
13:95  Error: Unexpected any. Specify a different type.  @typescript-eslint/no-explicit-any
20:20  Warning: 'names' is assigned a value but never used.  @typescript-eslint/no-unused-vars
23:26  Error: Unexpected any. Specify a different type.  @typescript-eslint/no-explicit-any
24:24  Error: Unexpected any. Specify a different type.  @typescript-eslint/no-explicit-any
25:29  Error: Unexpected any. Specify a different type.  @typescript-eslint/no-explicit-any
26:25  Error: Unexpected any. Specify a different type.  @typescript-eslint/no-explicit-any
27:23  Error: Unexpected any. Specify a different type.  @typescript-eslint/no-explicit-any
28:28  Error: Unexpected any. Specify a different type.  @typescript-eslint/no-explicit-any
77:45  Error: Unexpected any. Specify a different type.  @typescript-eslint/no-explicit-any
151:35  Error: Unexpected any. Specify a different type.  @typescript-eslint/no-explicit-any
151:62  Error: Unexpected any. Specify a different type.  @typescript-eslint/no-explicit-any
System.Management.Automation.RemoteException
./app/shadow/avatar/useAvatarSounds.ts
25:16  Warning: 'e' is defined but never used.  @typescript-eslint/no-unused-vars
System.Management.Automation.RemoteException
./app/shadow/components/ShadowVoiceInput.tsx
19:40  Error: Unexpected any. Specify a different type.  @typescript-eslint/no-explicit-any
23:36  Error: Unexpected any. Specify a different type.  @typescript-eslint/no-explicit-any
57:11  Error: `"` can be escaped with `&quot;`, `&ldquo;`, `&#34;`, `&rdquo;`.  react/no-unescaped-entities
57:24  Error: `"` can be escaped with `&quot;`, `&ldquo;`, `&#34;`, `&rdquo;`.  react/no-unescaped-entities
System.Management.Automation.RemoteException
./app/shadow/hooks/useShadowCommand.ts
28:19  Error: Unexpected any. Specify a different type.  @typescript-eslint/no-explicit-any
System.Management.Automation.RemoteException
./app/shadow/hooks/useShadowStatus.ts
11:46  Error: Unexpected any. Specify a different type.  @typescript-eslint/no-explicit-any
System.Management.Automation.RemoteException
./app/shadow/page.tsx
76:19  Error: Unexpected any. Specify a different type.  @typescript-eslint/no-explicit-any
System.Management.Automation.RemoteException
./app/shadow-login/page.tsx
14:29  Error: Unexpected any. Specify a different type.  @typescript-eslint/no-explicit-any
System.Management.Automation.RemoteException
./app/store/page.tsx
7:10  Warning: 'useState' is defined but never used.  @typescript-eslint/no-unused-vars
91:11  Warning: 'paypalEmail' is assigned a value but never used.  @typescript-eslint/no-unused-vars
System.Management.Automation.RemoteException
./components/ai/director/AIDirector.tsx
42:6  Warning: React Hook useEffect has a missing dependency: 'brain'. Either include it or remove the dependency array.  react-hooks/exhaustive-deps
System.Management.Automation.RemoteException
./components/AIChatBox.tsx
42:14  Warning: 'error' is defined but never used.  @typescript-eslint/no-unused-vars
System.Management.Automation.RemoteException
./components/cinematic/SceneEngine.ts
38:5  Error: Parsing error: Type expected.
System.Management.Automation.RemoteException
./components/CryptoTicker.tsx
71:15  Warning: Using `<img>` could result in slower LCP and higher bandwidth. Consider using `<Image />` from `next/image` or a custom image loader to automatically optimize images. This may incur additional usage or cost from your provider. See: https://nextjs.org/docs/messages/no-img-element  @next/next/no-img-element
System.Management.Automation.RemoteException
./components/FloatingAvatar.tsx
14:26  Error: Unexpected any. Specify a different type.  @typescript-eslint/no-explicit-any
System.Management.Automation.RemoteException
./components/LiveWallpaper.tsx
20:22  Error: Unexpected any. Specify a different type.  @typescript-eslint/no-explicit-any
48:16  Error: 'p' is never reassigned. Use 'const' instead.  prefer-const
System.Management.Automation.RemoteException
./components/metaverse/avatar/AvatarEmotionDriver.tsx
6:10  Warning: 'emotion' is assigned a value but never used.  @typescript-eslint/no-unused-vars
24:6  Warning: React Hook useEffect has a missing dependency: 'api'. Either include it or remove the dependency array.  react-hooks/exhaustive-deps
System.Management.Automation.RemoteException
./components/metaverse/lighting/EmotionLights.tsx
3:21  Warning: 'useRef' is defined but never used.  @typescript-eslint/no-unused-vars
27:6  Warning: React Hook useEffect has a missing dependency: 'lightRef'. Either include it or remove the dependency array.  react-hooks/exhaustive-deps
System.Management.Automation.RemoteException
./components/MiniGame.tsx
31:11  Warning: 'obstacleGap' is assigned a value but never used.  @typescript-eslint/no-unused-vars
159:19  Error: Unexpected any. Specify a different type.  @typescript-eslint/no-explicit-any
System.Management.Automation.RemoteException
./components/MusicPlayer.tsx
72:6  Warning: React Hook useEffect has a missing dependency: 'isPlaying'. Either include it or remove the dependency array.  react-hooks/exhaustive-deps
94:6  Warning: React Hook useEffect has a missing dependency: 'nextSong'. Either include it or remove the dependency array.  react-hooks/exhaustive-deps
System.Management.Automation.RemoteException
./components/ProductionDashboard.tsx
95:19  Error: Unexpected any. Specify a different type.  @typescript-eslint/no-explicit-any
System.Management.Automation.RemoteException
./components/ShadowChatbot.tsx
35:14  Warning: 'error' is defined but never used.  @typescript-eslint/no-unused-vars
System.Management.Automation.RemoteException
./components/ShadowConsole.tsx
98:18  Warning: 'error' is defined but never used.  @typescript-eslint/no-unused-vars
128:40  Error: Unexpected any. Specify a different type.  @typescript-eslint/no-explicit-any
142:36  Error: Unexpected any. Specify a different type.  @typescript-eslint/no-explicit-any
148:35  Error: Unexpected any. Specify a different type.  @typescript-eslint/no-explicit-any
System.Management.Automation.RemoteException
./components/ShadowVoice.tsx
14:29  Error: Unexpected any. Specify a different type.  @typescript-eslint/no-explicit-any
32:18  Error: Unexpected any. Specify a different type.  @typescript-eslint/no-explicit-any
33:18  Error: Unexpected any. Specify a different type.  @typescript-eslint/no-explicit-any
44:43  Error: Unexpected any. Specify a different type.  @typescript-eslint/no-explicit-any
69:6  Warning: React Hook useEffect has missing dependencies: 'HOTWORDS' and 'listenForCommand'. Either include them or remove the dependency array.  react-hooks/exhaustive-deps
73:18  Error: Unexpected any. Specify a different type.  @typescript-eslint/no-explicit-any
74:18  Error: Unexpected any. Specify a different type.  @typescript-eslint/no-explicit-any
80:42  Error: Unexpected any. Specify a different type.  @typescript-eslint/no-explicit-any
System.Management.Automation.RemoteException
./components/VoiceListener.tsx
29:42  Error: Unexpected any. Specify a different type.  @typescript-eslint/no-explicit-any
29:79  Error: Unexpected any. Specify a different type.  @typescript-eslint/no-explicit-any
36:36  Error: Unexpected any. Specify a different type.  @typescript-eslint/no-explicit-any
49:35  Error: Unexpected any. Specify a different type.  @typescript-eslint/no-explicit-any
65:6  Warning: React Hook useEffect has a missing dependency: 'onToggle'. Either include it or remove the dependency array. If 'onToggle' changes too often, find the parent component that defines it and wrap that definition in useCallback.  react-hooks/exhaustive-deps
96:17  Error: `"` can be escaped with `&quot;`, `&ldquo;`, `&#34;`, `&rdquo;`.  react/no-unescaped-entities
96:30  Error: `"` can be escaped with `&quot;`, `&ldquo;`, `&#34;`, `&rdquo;`.  react/no-unescaped-entities
107:40  Error: `"` can be escaped with `&quot;`, `&ldquo;`, `&#34;`, `&rdquo;`.  react/no-unescaped-entities
107:55  Error: `"` can be escaped with `&quot;`, `&ldquo;`, `&#34;`, `&rdquo;`.  react/no-unescaped-entities
108:40  Error: `"` can be escaped with `&quot;`, `&ldquo;`, `&#34;`, `&rdquo;`.  react/no-unescaped-entities
108:64  Error: `"` can be escaped with `&quot;`, `&ldquo;`, `&#34;`, `&rdquo;`.  react/no-unescaped-entities
109:40  Error: `"` can be escaped with `&quot;`, `&ldquo;`, `&#34;`, `&rdquo;`.  react/no-unescaped-entities
109:61  Error: `"` can be escaped with `&quot;`, `&ldquo;`, `&#34;`, `&rdquo;`.  react/no-unescaped-entities
System.Management.Automation.RemoteException
./lib/aiCommandInterpreter.ts
15:31  Error: Unexpected any. Specify a different type.  @typescript-eslint/no-explicit-any
System.Management.Automation.RemoteException
./lib/collaboratorDB.ts
48:1  Warning: Assign object to a variable before exporting as module default  import/no-anonymous-default-export
System.Management.Automation.RemoteException
./lib/commandExecutor.ts
62:19  Error: Unexpected any. Specify a different type.  @typescript-eslint/no-explicit-any
System.Management.Automation.RemoteException
./lib/editor/index.ts
10:3  Warning: 'transform' is defined but never used.  @typescript-eslint/no-unused-vars
18:3  Warning: 'content' is defined but never used.  @typescript-eslint/no-unused-vars
System.Management.Automation.RemoteException
./lib/shadow/actions/fileEdit.ts
10:56  Error: Unexpected any. Specify a different type.  @typescript-eslint/no-explicit-any
13:7  Error: 'data' is never reassigned. Use 'const' instead.  prefer-const
14:7  Error: 'updated' is never reassigned. Use 'const' instead.  prefer-const
System.Management.Automation.RemoteException
./lib/shadow/engine.ts
21:7  Error: 'route' is never reassigned. Use 'const' instead.  prefer-const
System.Management.Automation.RemoteException
./lib/shadow-core/engine.ts
7:10  Warning: 'NextResponse' is defined but never used.  @typescript-eslint/no-unused-vars
15:43  Error: Unexpected any. Specify a different type.  @typescript-eslint/no-explicit-any
System.Management.Automation.RemoteException
./lib/shadowActions.ts
9:1  Warning: Assign object to a variable before exporting as module default  import/no-anonymous-default-export
10:21  Error: Unexpected any. Specify a different type.  @typescript-eslint/no-explicit-any
System.Management.Automation.RemoteException
./lib/shadowClient.ts
7:45  Error: Unexpected any. Specify a different type.  @typescript-eslint/no-explicit-any
17:1  Warning: Assign object to a variable before exporting as module default  import/no-anonymous-default-export
26:24  Error: Unexpected any. Specify a different type.  @typescript-eslint/no-explicit-any
System.Management.Automation.RemoteException
./lib/shadowDB.ts
12:1  Warning: Assign object to a variable before exporting as module default  import/no-anonymous-default-export
23:37  Error: Unexpected any. Specify a different type.  @typescript-eslint/no-explicit-any
27:17  Error: Unexpected any. Specify a different type.  @typescript-eslint/no-explicit-any
28:15  Error: Unexpected any. Specify a different type.  @typescript-eslint/no-explicit-any
50:25  Error: Unexpected any. Specify a different type.  @typescript-eslint/no-explicit-any
System.Management.Automation.RemoteException
info  - Need to disable some ESLint rules? Learn more here: https://nextjs.org/docs/app/api-reference/config/eslint#disabling-rules

--- SHADOW HEALTH SCORE: 0/100 ---
