app/admin/components/RealAnalytics.tsx(76,25): error TS2304: Cannot find name '_err'.
app/admin/components/StreamControl.tsx(31,29): error TS2304: Cannot find name '_err'.
app/admin/components/StreamControl.tsx(70,25): error TS2304: Cannot find name '_err'.
app/admin/components/StreamControl.tsx(80,27): error TS2304: Cannot find name '_err'.
app/admin/components/VoiceCodeEditor.tsx(38,25): error TS2304: Cannot find name '_err'.
app/admin/components/VoiceCodeEditor.tsx(60,31): error TS2304: Cannot find name '_err'.
app/admin/components/VoiceCodeEditor.tsx(77,25): error TS2304: Cannot find name '_err'.
app/admin/components/VoiceCodeEditor.tsx(88,25): error TS2304: Cannot find name '_err'.
app/admin/components/VoiceCodeEditor.tsx(103,25): error TS2304: Cannot find name '_err'.
app/admin/voice-remote/page.tsx(80,25): error TS2304: Cannot find name '_err'.
app/api/affiliate/route.ts(109,23): error TS2304: Cannot find name '_err'.
app/api/affiliate/route.ts(208,23): error TS2304: Cannot find name '_err'.
app/api/ai-tools/route.ts(69,23): error TS2304: Cannot find name '_error'.
app/api/ai/stream/route.ts(39,23): error TS2304: Cannot find name '_error'.
app/api/analytics/route.ts(27,23): error TS2304: Cannot find name '_error'.
app/api/analyze-traffic/route.ts(69,23): error TS2304: Cannot find name '_error'.
app/api/auth/[...nextauth]/route.ts(1,10): error TS2305: Module '"@/auth"' has no exported member 'handlers'.
app/api/contact/route.ts(26,23): error TS2304: Cannot find name '_error'.
app/api/content/generate-blog/route.ts(54,23): error TS2304: Cannot find name '_error'.
app/api/content/generate-product/route.ts(39,23): error TS2304: Cannot find name '_error'.
app/api/cron/content/route.ts(25,23): error TS2304: Cannot find name '_error'.
app/api/cron/reports/route.ts(34,23): error TS2304: Cannot find name '_error'.
app/api/cron/sitemap/route.ts(17,23): error TS2304: Cannot find name '_error'.
app/api/cron/sitemap/route.ts(38,23): error TS2304: Cannot find name '_error'.
app/api/cron/store/route.ts(27,23): error TS2304: Cannot find name '_error'.
app/api/deployment/preview/route.ts(39,23): error TS2304: Cannot find name '_error'.
app/api/deployment/rollback/route.ts(35,23): error TS2304: Cannot find name '_error'.
app/api/deployment/status/route.ts(39,23): error TS2304: Cannot find name '_error'.
app/api/deployment/trigger/route.ts(25,23): error TS2304: Cannot find name '_error'.
app/api/deployment/webhook/route.ts(38,23): error TS2304: Cannot find name '_error'.
app/api/generate-content/route.ts(69,23): error TS2304: Cannot find name '_error'.
app/api/gpt-bridge/route.ts(97,23): error TS2304: Cannot find name '_error'.
app/api/health/revenue/route.ts(57,27): error TS2304: Cannot find name '_error'.
app/api/health/revenue/route.ts(77,23): error TS2304: Cannot find name '_error'.
app/api/media/browse/route.ts(90,23): error TS2304: Cannot find name '_error'.
app/api/news/route.ts(38,23): error TS2304: Cannot find name '_error'.
app/api/paypal/capture-order/route.ts(48,23): error TS2304: Cannot find name '_error'.
app/api/paypal/checkout/route.ts(139,23): error TS2304: Cannot find name '_error'.
app/api/paypal/create-order/route.ts(46,23): error TS2304: Cannot find name '_error'.
app/api/products/route.ts(19,23): error TS2304: Cannot find name '_error'.
app/api/realtime-sync/route.ts(86,23): error TS2304: Cannot find name '_error'.
app/api/realtime-sync/status/route.ts(30,23): error TS2304: Cannot find name '_error'.
app/api/stock/route.ts(34,23): error TS2304: Cannot find name '_error'.
app/api/streaming/route.ts(30,23): error TS2304: Cannot find name '_error'.
app/api/streaming/start/route.ts(34,23): error TS2304: Cannot find name '_error'.
app/api/streaming/status/route.ts(25,23): error TS2304: Cannot find name '_error'.
app/api/streaming/stop/route.ts(28,23): error TS2304: Cannot find name '_error'.
app/api/stripe/checkout/route.ts(79,23): error TS2304: Cannot find name '_error'.
app/api/stripe/checkout/route.ts(129,23): error TS2304: Cannot find name '_error'.
app/api/stripe/webhook/route.ts(79,23): error TS2304: Cannot find name '_error'.
app/api/usage/route.ts(30,23): error TS2304: Cannot find name '_error'.
app/api/voice-to-code/route.ts(99,27): error TS2304: Cannot find name '_err'.
app/api/voice-to-code/route.ts(157,23): error TS2304: Cannot find name '_error'.
app/api/voice/route.ts(86,23): error TS2304: Cannot find name '_e'.
app/api/voice/route.ts(174,23): error TS2304: Cannot find name '_e'.
app/api/weather/route.ts(33,23): error TS2304: Cannot find name '_error'.
app/error.tsx(21,23): error TS2304: Cannot find name '_error'.
app/global-error.tsx(18,23): error TS2304: Cannot find name '_error'.
app/hooks/useAI.ts(48,25): error TS2304: Cannot find name '_error'.
components/ai/dialogue/DialogueBrain.ts(68,25): error TS2552: Cannot find name '_err'. Did you mean 'err'?
components/AudioBackground.tsx(24,25): error TS2552: Cannot find name '_err'. Did you mean 'err'?
components/avatar/InteractiveAvatar.tsx(140,21): error TS2304: Cannot find name '_error'.
components/avatar/ShadowChat.tsx(41,25): error TS2304: Cannot find name '_error'.
components/avatar/useLipSync.ts(35,25): error TS2552: Cannot find name '_err'. Did you mean 'err'?
components/BackgroundMusic.tsx(67,27): error TS2552: Cannot find name '_err'. Did you mean 'err'?
components/ConfettiEffect.tsx(32,26): error TS2552: Cannot find name '_error'. Did you mean 'error'?
components/emotion/EmotionMirror.tsx(58,26): error TS2304: Cannot find name '_error'.
components/matrix/AnalyticsPanel.tsx(29,27): error TS2304: Cannot find name '_error'.
components/matrix/LiveVisitors.tsx(22,27): error TS2304: Cannot find name '_error'.
components/matrix/MatrixLog.tsx(20,27): error TS2304: Cannot find name '_error'.
components/matrix/SystemHealth.tsx(20,27): error TS2304: Cannot find name '_error'.
components/matrix/VoiceEditor.tsx(26,25): error TS2304: Cannot find name '_error'.
components/matrix/VoiceEditor.tsx(42,25): error TS2304: Cannot find name '_error'.
components/monetization/AdUnit.tsx(32,25): error TS2304: Cannot find name '_err'.
components/PayPalButton.tsx(53,31): error TS2552: Cannot find name '_err'. Did you mean 'err'?
components/VoiceCommandCenter.tsx(252,25): error TS2552: Cannot find name '_error'. Did you mean 'error'?
hooks/useRealtimeSync.ts(57,25): error TS2304: Cannot find name '_error'.
hooks/useRealtimeSync.ts(151,27): error TS2304: Cannot find name '_error'.
hooks/useRealtimeSync.ts(256,27): error TS2304: Cannot find name '_error'.
jobs/contentScheduler.ts(135,25): error TS2304: Cannot find name '_error'.
jobs/contentScheduler.ts(146,71): error TS2304: Cannot find name '_err'.
jobs/storeOptimizer.ts(148,56): error TS2304: Cannot find name '_err'.
lib/affiliates.ts(86,41): error TS2304: Cannot find name '_err'.
lib/aiCommandInterpreter.ts(79,23): error TS2304: Cannot find name '_error'.
lib/analytics.ts(109,25): error TS2304: Cannot find name '_error'.
lib/apiClients.ts(197,25): error TS2304: Cannot find name '_error'.
lib/auditLog.ts(45,25): error TS2304: Cannot find name '_error'.
lib/auditLog.ts(73,25): error TS2304: Cannot find name '_error'.
lib/autonomous-mode.ts(68,29): error TS2304: Cannot find name '_error'.
lib/cloudinary.ts(92,23): error TS2552: Cannot find name '_error'. Did you mean 'error'?
lib/cloudinary.ts(107,23): error TS2552: Cannot find name '_error'. Did you mean 'error'?
lib/config-store.ts(139,29): error TS2304: Cannot find name '_error'.
lib/googleAi.ts(66,23): error TS2304: Cannot find name '_error'.
lib/matrix/analytics.ts(34,25): error TS2304: Cannot find name '_error'.
lib/matrix/auth.ts(17,23): error TS2304: Cannot find name '_error'.
lib/matrix/auth.ts(36,23): error TS2304: Cannot find name '_error'.
lib/memory-pruner.ts(19,23): error TS2304: Cannot find name '_error'.
lib/orchestrator.ts(93,25): error TS2304: Cannot find name '_error'.
lib/seo.ts(195,23): error TS2304: Cannot find name '_error'.
lib/services/anthropic.ts(33,23): error TS2304: Cannot find name '_error'.
lib/services/gemini.ts(26,23): error TS2304: Cannot find name '_error'.
lib/services/gemini.ts(52,23): error TS2304: Cannot find name '_error'.
lib/services/github.ts(93,23): error TS2304: Cannot find name '_error'.
lib/services/github.ts(112,23): error TS2304: Cannot find name '_error'.
lib/services/github.ts(132,23): error TS2304: Cannot find name '_error'.
lib/services/github.ts(154,23): error TS2304: Cannot find name '_error'.
lib/services/mongodb.ts(164,23): error TS2304: Cannot find name '_error'.
lib/services/mongodb.ts(193,23): error TS2304: Cannot find name '_error'.
lib/services/mongodb.ts(214,23): error TS2304: Cannot find name '_error'.
lib/services/mongodb.ts(242,23): error TS2304: Cannot find name '_error'.
lib/services/mongodb.ts(252,23): error TS2304: Cannot find name '_error'.
lib/services/mongodb.ts(278,23): error TS2304: Cannot find name '_error'.
lib/services/mongodb.ts(290,23): error TS2304: Cannot find name '_error'.
lib/services/mongodb.ts(343,23): error TS2304: Cannot find name '_error'.
lib/services/openai.ts(61,23): error TS2304: Cannot find name '_error'.
lib/services/openai.ts(91,23): error TS2304: Cannot find name '_error'.
lib/services/openai.ts(124,23): error TS2304: Cannot find name '_error'.
lib/services/openai.ts(146,23): error TS2304: Cannot find name '_error'.
lib/services/paypal.ts(49,23): error TS2304: Cannot find name '_error'.
lib/services/paypal.ts(113,23): error TS2304: Cannot find name '_error'.
lib/services/paypal.ts(135,23): error TS2304: Cannot find name '_error'.
lib/services/paypal.ts(152,23): error TS2304: Cannot find name '_error'.
lib/services/paypal.ts(181,23): error TS2304: Cannot find name '_error'.
lib/services/realtime-sync.ts(168,25): error TS2304: Cannot find name '_error'.
lib/services/twilio.ts(50,23): error TS2304: Cannot find name '_error'.
lib/services/twilio.ts(73,23): error TS2304: Cannot find name '_error'.
lib/services/twilio.ts(83,23): error TS2304: Cannot find name '_error'.
lib/services/vercel.ts(55,23): error TS2304: Cannot find name '_error'.
lib/services/vercel.ts(74,23): error TS2304: Cannot find name '_error'.
lib/services/vercel.ts(107,23): error TS2304: Cannot find name '_error'.
lib/services/vercel.ts(128,23): error TS2304: Cannot find name '_error'.
lib/services/webrtc.ts(77,25): error TS2304: Cannot find name '_error'.
lib/services/webrtc.ts(96,25): error TS2304: Cannot find name '_error'.
lib/services/webrtc.ts(109,25): error TS2304: Cannot find name '_error'.
lib/services/webrtc.ts(122,25): error TS2304: Cannot find name '_error'.
lib/services/webrtc.ts(176,25): error TS2304: Cannot find name '_error'.
lib/services/webrtc.ts(192,25): error TS2304: Cannot find name '_error'.
lib/services/wordpress.ts(45,23): error TS2304: Cannot find name '_error'.
lib/services/wordpress.ts(54,23): error TS2304: Cannot find name '_error'.
lib/services/wordpress.ts(82,23): error TS2304: Cannot find name '_error'.
lib/services/wordpress.ts(93,23): error TS2304: Cannot find name '_error'.
lib/services/wordpress.ts(106,23): error TS2304: Cannot find name '_error'.
lib/services/wordpress.ts(119,23): error TS2304: Cannot find name '_error'.
lib/shadow/auth.ts(17,23): error TS2304: Cannot find name '_error'.
lib/shadow/auth.ts(36,23): error TS2304: Cannot find name '_error'.
lib/shadow/auth.ts(52,23): error TS2304: Cannot find name '_error'.
lib/shadow/auth.ts(61,23): error TS2304: Cannot find name '_error'.
lib/shadow/personality.ts(73,23): error TS2304: Cannot find name '_error'.
lib/sitemap.ts(34,23): error TS2304: Cannot find name '_error'.
lib/sitemap.ts(49,23): error TS2304: Cannot find name '_error'.
lib/usage.ts(19,23): error TS2304: Cannot find name '_error'.
lib/vector-store.ts(17,23): error TS2304: Cannot find name '_error'.
lib/vector-store.ts(36,23): error TS2304: Cannot find name '_error'.
lib/voice.ts(329,23): error TS2304: Cannot find name '_error'.
lib/voice.ts(361,23): error TS2304: Cannot find name '_error'.
lib/voice.ts(410,25): error TS2304: Cannot find name '_error'.
lib/webeditor/githubService.ts(7,21): error TS2304: Cannot find name '_error'.
lib/webeditor/githubService.ts(90,55): error TS2304: Cannot find name '_e'.
lib/webeditor/githubService.ts(128,33): error TS2304: Cannot find name '_e'.
lib/webeditor/githubService.ts(199,27): error TS2304: Cannot find name '_error'.
tailwind.config.ts(72,7): error TS18046: 'addUtilities' is of type 'unknown'.
voice/logger.ts(61,26): error TS2304: Cannot find name '_e'.
voice/logger.ts(65,23): error TS2304: Cannot find name '_error'.
voice/logger.ts(87,23): error TS2304: Cannot find name '_error'.
voice/logger.ts(101,23): error TS2304: Cannot find name '_error'.
